<?xml version="1.0" encoding="UTF-8"?>
<!-- Generated by org.testng.reporters.JUnitReportReporter -->
<testsuite hostname="Z422" failures="0" tests="1" name="com.crm.LeadsTests.CreateLeadDataTest" time="129.399" errors="0" timestamp="2022-02-20T10:10:00 IST" skipped="0">
  <testcase classname="com.crm.LeadsTests.CreateLeadDataTest" name="CreateLeadData" time="129.399"/>
  <system-out/>
</testsuite> <!-- com.crm.LeadsTests.CreateLeadDataTest -->
