<?xml version="1.0" encoding="UTF-8"?>
<!-- Generated by org.testng.reporters.JUnitReportReporter -->
<testsuite hostname="Z422" failures="0" tests="1" name="com.crm.TestngImplimentTests.CreateOrgTest" time="69.580" errors="0" timestamp="2022-03-17T08:02:34 IST" skipped="0">
  <testcase classname="com.crm.TestngImplimentTests.CreateOrgTest" name="CreateOrgTest" time="69.580"/>
  <system-out>
    <![CDATA[[ ACC85 ] SBI 283 - Organization Informationorg created]]>
  </system-out>
</testsuite> <!-- com.crm.TestngImplimentTests.CreateOrgTest -->
