<?xml version="1.0" encoding="UTF-8"?>
<!-- Generated by org.testng.reporters.JUnitReportReporter -->
<testsuite hostname="Z422" failures="0" tests="1" name="com.crm.PRACTICE.DataVerificationDB" time="0.852" errors="0" timestamp="2022-02-16T15:46:56 IST" skipped="0">
  <testcase classname="com.crm.PRACTICE.DataVerificationDB" name="sampleJDBCExecuteQuery" time="0.852"/>
  <system-out/>
</testsuite> <!-- com.crm.PRACTICE.DataVerificationDB -->
