<?xml version="1.0" encoding="UTF-8"?>
<!-- Generated by org.testng.reporters.JUnitReportReporter -->
<testsuite hostname="Z422" failures="0" tests="2" name="com.crm.TestngImplimentTests.CreateOrgWithIndTypeBCTest" time="97.647" errors="0" timestamp="2022-03-05T21:44:36 IST" skipped="0">
  <testcase classname="com.crm.TestngImplimentTests.CreateOrgWithIndTypeBCTest" name="testscriptsample" time="31.410"/>
  <system-out>
    <![CDATA[testscriptsample--- testscript execution started
testscriptsample--- testscript execution sucessfull - PASS]]>
  </system-out>
  <testcase classname="com.crm.TestngImplimentTests.CreateOrgWithIndTypeBCTest" name="CreateOrgWithIndType" time="66.237"/>
  <system-out>
    <![CDATA[CreateOrgWithIndType--- testscript execution started
[ ACC79 ] SBI 488 - Organization Informationorg created
CreateOrgWithIndType--- testscript execution sucessfull - PASS]]>
  </system-out>
</testsuite> <!-- com.crm.TestngImplimentTests.CreateOrgWithIndTypeBCTest -->
