<?xml version="1.0" encoding="UTF-8"?>
<!-- Generated by org.testng.reporters.JUnitReportReporter -->
<testsuite hostname="Z422" failures="0" tests="1" name="com.crm.LeadsTests.CreateDataWithFieldTest" time="56.571" errors="0" timestamp="2022-02-21T10:39:56 IST" skipped="0">
  <testcase classname="com.crm.LeadsTests.CreateDataWithFieldTest" name="CreateDataWithField" time="56.571"/>
  <system-out/>
</testsuite> <!-- com.crm.LeadsTests.CreateDataWithFieldTest -->
