<?xml version="1.0" encoding="UTF-8"?>
<!-- Generated by org.testng.reporters.JUnitReportReporter -->
<testsuite hostname="Z422" failures="0" tests="10" name="com.crm.ContactTests.CreeateContactWithMutipalDataTest" time="736.467" errors="0" timestamp="2022-03-01T03:45:25 IST" skipped="0">
  <testcase classname="com.crm.ContactTests.CreeateContactWithMutipalDataTest" name="CreateOrgWithMulipleData" time="71.445"/>
  <system-out>
    <![CDATA[login sucessful
navigate to org link
click on create org link
verification sucessful]]>
  </system-out>
  <testcase classname="com.crm.ContactTests.CreeateContactWithMutipalDataTest" name="CreateOrgWithMulipleData" time="68.971"/>
  <system-out>
    <![CDATA[login sucessful
navigate to org link
click on create org link
verification sucessful]]>
  </system-out>
  <testcase classname="com.crm.ContactTests.CreeateContactWithMutipalDataTest" name="CreateOrgWithMulipleData" time="67.076"/>
  <system-out>
    <![CDATA[login sucessful
navigate to org link
click on create org link
verification sucessful]]>
  </system-out>
  <testcase classname="com.crm.ContactTests.CreeateContactWithMutipalDataTest" name="CreateOrgWithMulipleData" time="68.386"/>
  <system-out>
    <![CDATA[login sucessful
navigate to org link
click on create org link
verification sucessful]]>
  </system-out>
  <testcase classname="com.crm.ContactTests.CreeateContactWithMutipalDataTest" name="CreateOrgWithMulipleData" time="67.451"/>
  <system-out>
    <![CDATA[login sucessful
navigate to org link
click on create org link
verification sucessful]]>
  </system-out>
  <testcase classname="com.crm.ContactTests.CreeateContactWithMutipalDataTest" name="CreateOrgWithMulipleData" time="70.701"/>
  <system-out>
    <![CDATA[login sucessful
navigate to org link
click on create org link
verification sucessful]]>
  </system-out>
  <testcase classname="com.crm.ContactTests.CreeateContactWithMutipalDataTest" name="CreateOrgWithMulipleData" time="110.801"/>
  <system-out>
    <![CDATA[login sucessful
navigate to org link
click on create org link
verification sucessful]]>
  </system-out>
  <testcase classname="com.crm.ContactTests.CreeateContactWithMutipalDataTest" name="CreateOrgWithMulipleData" time="70.673"/>
  <system-out>
    <![CDATA[login sucessful
navigate to org link
click on create org link
verification sucessful]]>
  </system-out>
  <testcase classname="com.crm.ContactTests.CreeateContactWithMutipalDataTest" name="CreateOrgWithMulipleData" time="70.668"/>
  <system-out>
    <![CDATA[login sucessful
navigate to org link
click on create org link
verification sucessful]]>
  </system-out>
  <testcase classname="com.crm.ContactTests.CreeateContactWithMutipalDataTest" name="CreateOrgWithMulipleData" time="70.295"/>
  <system-out>
    <![CDATA[login sucessful
navigate to org link
click on create org link
verification sucessful]]>
  </system-out>
</testsuite> <!-- com.crm.ContactTests.CreeateContactWithMutipalDataTest -->
