<?xml version="1.0" encoding="UTF-8"?>
<!-- Generated by org.testng.reporters.JUnitReportReporter -->
<testsuite hostname="Z422" failures="0" tests="1" name="com.crm.LeadsTests.CreateLeadTest" time="54.629" errors="0" timestamp="2022-02-19T15:51:15 IST" skipped="0">
  <testcase classname="com.crm.LeadsTests.CreateLeadTest" name="CreateLeadTest" time="54.629"/>
  <system-out/>
</testsuite> <!-- com.crm.LeadsTests.CreateLeadTest -->
