<?xml version="1.0" encoding="UTF-8"?>
<!-- Generated by org.testng.reporters.JUnitReportReporter -->
<testsuite hostname="Z422" failures="0" tests="6" name="com.crm.PRACTICE.DataProviderAssignPractice" time="0.044" errors="0" timestamp="2022-02-28T15:44:21 IST" skipped="0">
  <testcase classname="com.crm.PRACTICE.DataProviderAssignPractice" name="sampleDataProvider" time="0.004"/>
  <system-out/>
  <testcase classname="com.crm.PRACTICE.DataProviderAssignPractice" name="sampleDataProvider" time="0.004"/>
  <system-out/>
  <testcase classname="com.crm.PRACTICE.DataProviderAssignPractice" name="sampleDataProvider" time="0.004"/>
  <system-out/>
  <testcase classname="com.crm.PRACTICE.DataProviderAssignPractice" name="sampleDataProvider" time="0.006"/>
  <system-out/>
  <testcase classname="com.crm.PRACTICE.DataProviderAssignPractice" name="sampleDataProvider" time="0.009"/>
  <system-out/>
  <testcase classname="com.crm.PRACTICE.DataProviderAssignPractice" name="sampleDataProvider" time="0.017"/>
  <system-out/>
</testsuite> <!-- com.crm.PRACTICE.DataProviderAssignPractice -->
