<?xml version="1.0" encoding="UTF-8"?>
<!-- Generated by org.testng.reporters.JUnitReportReporter -->
<testsuite hostname="Z422" failures="0" tests="1" name="com.crm.UpdateTests.CreateConGenTest" time="101.994" errors="0" timestamp="2022-02-28T20:51:06 IST" skipped="0">
  <testcase classname="com.crm.UpdateTests.CreateConGenTest" name="CreateConGenTest" time="101.994"/>
  <system-out/>
</testsuite> <!-- com.crm.UpdateTests.CreateConGenTest -->
