<?xml version="1.0" encoding="UTF-8"?>
<!-- Generated by org.testng.reporters.JUnitReportReporter -->
<testsuite hostname="Z422" failures="0" tests="4" name="com.crm.PRACTICE.DataProviderPractice" time="0.046" errors="0" timestamp="2022-02-28T15:40:00 IST" skipped="0">
  <testcase classname="com.crm.PRACTICE.DataProviderPractice" name="sampleDataProvider" time="0.006"/>
  <system-out/>
  <testcase classname="com.crm.PRACTICE.DataProviderPractice" name="sampleDataProvider" time="0.014"/>
  <system-out/>
  <testcase classname="com.crm.PRACTICE.DataProviderPractice" name="sampleDataProvider" time="0.010"/>
  <system-out/>
  <testcase classname="com.crm.PRACTICE.DataProviderPractice" name="sampleDataProvider" time="0.016"/>
  <system-out/>
</testsuite> <!-- com.crm.PRACTICE.DataProviderPractice -->
