<?xml version="1.0" encoding="UTF-8"?>
<!-- Generated by org.testng.reporters.JUnitReportReporter -->
<testsuite hostname="Z422" failures="0" tests="1" name="com.crm.OrgnaizationTests.CreateOrgnaizationwithIndustryTypeTest" time="78.337" errors="0" timestamp="2022-03-02T15:26:31 IST" skipped="0">
  <testcase classname="com.crm.OrgnaizationTests.CreateOrgnaizationwithIndustryTypeTest" name="CreateOrgnaizationwithIndustryType" time="78.337"/>
  <system-out/>
</testsuite> <!-- com.crm.OrgnaizationTests.CreateOrgnaizationwithIndustryTypeTest -->
