<?xml version="1.0" encoding="UTF-8"?>
<!-- Generated by org.testng.reporters.JUnitReportReporter -->
<testsuite hostname="Z422" failures="0" tests="1" name="com.crm.TestngImplimentTests.CreateProductBCTest" time="49.488" errors="0" timestamp="2022-03-05T22:04:07 IST" skipped="0">
  <testcase classname="com.crm.TestngImplimentTests.CreateProductBCTest" name="CreateProductBC" time="49.488"/>
  <system-out>
    <![CDATA[Creating New Productorg created]]>
  </system-out>
</testsuite> <!-- com.crm.TestngImplimentTests.CreateProductBCTest -->
