<?xml version="1.0" encoding="UTF-8"?>
<!-- Generated by org.testng.reporters.JUnitReportReporter -->
<testsuite hostname="Z422" failures="0" tests="1" name="com.crm.PRACTICE.DyanamicCheckBoxConLast" time="58.772" errors="0" timestamp="2022-03-09T10:29:33 IST" skipped="0">
  <testcase classname="com.crm.PRACTICE.DyanamicCheckBoxConLast" name="DyanamicCheckBoxConLast" time="58.772"/>
  <system-out/>
</testsuite> <!-- com.crm.PRACTICE.DyanamicCheckBoxConLast -->
