<?xml version="1.0" encoding="UTF-8"?>
<!-- Generated by org.testng.reporters.JUnitReportReporter -->
<testsuite hostname="Z422" failures="0" tests="1" name="com.crm.PRACTICE.DynamicLastname" time="43.228" errors="0" timestamp="2022-03-08T21:31:39 IST" skipped="0">
  <testcase classname="com.crm.PRACTICE.DynamicLastname" name="DynamicLastname" time="43.228"/>
  <system-out/>
</testsuite> <!-- com.crm.PRACTICE.DynamicLastname -->
