<?xml version="1.0" encoding="UTF-8"?>
<!-- Generated by org.testng.reporters.JUnitReportReporter -->
<testsuite hostname="Z422" failures="0" tests="1" name="com.crm.PRACTICE.SelectDateFromGobiboApp" time="34.086" errors="0" timestamp="2022-03-09T17:11:00 IST" skipped="0">
  <testcase classname="com.crm.PRACTICE.SelectDateFromGobiboApp" name="calender" time="34.086"/>
  <system-out/>
</testsuite> <!-- com.crm.PRACTICE.SelectDateFromGobiboApp -->
