<?xml version="1.0" encoding="UTF-8"?>
<!-- Generated by org.testng.reporters.JUnitReportReporter -->
<testsuite hostname="Z422" failures="0" tests="1" name="com.crm.PRACTICE.POMPracticeForLogin" time="61.053" errors="0" timestamp="2022-02-24T07:16:35 IST" skipped="0">
  <testcase classname="com.crm.PRACTICE.POMPracticeForLogin" name="pomPractice" time="61.053"/>
  <system-out/>
</testsuite> <!-- com.crm.PRACTICE.POMPracticeForLogin -->
