<?xml version="1.0" encoding="UTF-8"?>
<!-- Generated by org.testng.reporters.JUnitReportReporter -->
<testsuite hostname="Z422" failures="0" tests="3" name="com.crm.PRACTICE.PracticeTestNG" time="0.047" errors="0" timestamp="2022-02-28T14:38:27 IST" skipped="0">
  <testcase classname="com.crm.PRACTICE.PracticeTestNG" name="deleteOrg" time="0.009"/>
  <system-out/>
  <testcase classname="com.crm.PRACTICE.PracticeTestNG" name="modifiedOrg" time="0.007"/>
  <system-out/>
  <testcase classname="com.crm.PRACTICE.PracticeTestNG" name="createOrg" time="0.031"/>
  <system-out/>
</testsuite> <!-- com.crm.PRACTICE.PracticeTestNG -->
