<?xml version="1.0" encoding="UTF-8"?>
<!-- Generated by org.testng.reporters.JUnitReportReporter -->
<testsuite hostname="Z422" failures="0" tests="9" name="com.crm.OrgnaizationTests.CreateOrgWithMulipleDataTest" time="723.447" errors="0" timestamp="2022-03-01T01:36:21 IST" skipped="0">
  <testcase classname="com.crm.OrgnaizationTests.CreateOrgWithMulipleDataTest" name="CreateOrgWithMulipleData" time="71.681"/>
  <system-out>
    <![CDATA[login sucessful
navigate to org link
click on create org link
verification sucessful]]>
  </system-out>
  <testcase classname="com.crm.OrgnaizationTests.CreateOrgWithMulipleDataTest" name="CreateOrgWithMulipleData" time="74.128"/>
  <system-out>
    <![CDATA[login sucessful
navigate to org link
click on create org link
verification sucessful]]>
  </system-out>
  <testcase classname="com.crm.OrgnaizationTests.CreateOrgWithMulipleDataTest" name="CreateOrgWithMulipleData" time="68.480"/>
  <system-out>
    <![CDATA[login sucessful
navigate to org link
click on create org link
verification sucessful]]>
  </system-out>
  <testcase classname="com.crm.OrgnaizationTests.CreateOrgWithMulipleDataTest" name="CreateOrgWithMulipleData" time="71.438"/>
  <system-out>
    <![CDATA[login sucessful
navigate to org link
click on create org link
verification sucessful]]>
  </system-out>
  <testcase classname="com.crm.OrgnaizationTests.CreateOrgWithMulipleDataTest" name="CreateOrgWithMulipleData" time="71.905"/>
  <system-out>
    <![CDATA[login sucessful
navigate to org link
click on create org link
verification sucessful]]>
  </system-out>
  <testcase classname="com.crm.OrgnaizationTests.CreateOrgWithMulipleDataTest" name="CreateOrgWithMulipleData" time="116.357"/>
  <system-out>
    <![CDATA[login sucessful
navigate to org link
click on create org link
verification sucessful]]>
  </system-out>
  <testcase classname="com.crm.OrgnaizationTests.CreateOrgWithMulipleDataTest" name="CreateOrgWithMulipleData" time="86.021"/>
  <system-out>
    <![CDATA[login sucessful
navigate to org link
click on create org link
verification sucessful]]>
  </system-out>
  <testcase classname="com.crm.OrgnaizationTests.CreateOrgWithMulipleDataTest" name="CreateOrgWithMulipleData" time="77.299"/>
  <system-out>
    <![CDATA[login sucessful
navigate to org link
click on create org link
verification sucessful]]>
  </system-out>
  <testcase classname="com.crm.OrgnaizationTests.CreateOrgWithMulipleDataTest" name="CreateOrgWithMulipleData" time="86.138"/>
  <system-out>
    <![CDATA[login sucessful
navigate to org link
click on create org link
verification sucessful]]>
  </system-out>
</testsuite> <!-- com.crm.OrgnaizationTests.CreateOrgWithMulipleDataTest -->
