<?xml version="1.0" encoding="UTF-8"?>
<!-- Generated by org.testng.reporters.JUnitReportReporter -->
<testsuite hostname="Z422" failures="0" tests="1" name="CreateOrganizationTests.CreateOrganizatonTest" time="100.244" errors="0" timestamp="2022-02-16T19:21:42 IST" skipped="0">
  <testcase classname="CreateOrganizationTests.CreateOrganizatonTest" name="createOrganizationTest" time="100.244"/>
  <system-out/>
</testsuite> <!-- CreateOrganizationTests.CreateOrganizatonTest -->
