<?xml version="1.0" encoding="UTF-8"?>
<!-- Generated by org.testng.reporters.JUnitReportReporter -->
<testsuite hostname="Z422" failures="0" tests="6" name="com.crm.OrgnaizationTests.CraeteOrgWithTypeMultipalDataTest" time="424.465" errors="0" timestamp="2022-03-01T01:55:25 IST" skipped="0">
  <testcase classname="com.crm.OrgnaizationTests.CraeteOrgWithTypeMultipalDataTest" name="CreateOrgWithMulipleData" time="75.379"/>
  <system-out>
    <![CDATA[login sucessful
navigate to org link
click on create org link
verification sucessful]]>
  </system-out>
  <testcase classname="com.crm.OrgnaizationTests.CraeteOrgWithTypeMultipalDataTest" name="CreateOrgWithMulipleData" time="68.258"/>
  <system-out>
    <![CDATA[login sucessful
navigate to org link
click on create org link
verification sucessful]]>
  </system-out>
  <testcase classname="com.crm.OrgnaizationTests.CraeteOrgWithTypeMultipalDataTest" name="CreateOrgWithMulipleData" time="64.522"/>
  <system-out>
    <![CDATA[login sucessful
navigate to org link
click on create org link
verification sucessful]]>
  </system-out>
  <testcase classname="com.crm.OrgnaizationTests.CraeteOrgWithTypeMultipalDataTest" name="CreateOrgWithMulipleData" time="67.150"/>
  <system-out>
    <![CDATA[login sucessful
navigate to org link
click on create org link
verification sucessful]]>
  </system-out>
  <testcase classname="com.crm.OrgnaizationTests.CraeteOrgWithTypeMultipalDataTest" name="CreateOrgWithMulipleData" time="65.986"/>
  <system-out>
    <![CDATA[login sucessful
navigate to org link
click on create org link
verification sucessful]]>
  </system-out>
  <testcase classname="com.crm.OrgnaizationTests.CraeteOrgWithTypeMultipalDataTest" name="CreateOrgWithMulipleData" time="83.170"/>
  <system-out>
    <![CDATA[login sucessful
navigate to org link
click on create org link
verification sucessful]]>
  </system-out>
</testsuite> <!-- com.crm.OrgnaizationTests.CraeteOrgWithTypeMultipalDataTest -->
