<?xml version="1.0" encoding="UTF-8"?>
<!-- Generated by org.testng.reporters.JUnitReportReporter -->
<testsuite hostname="Z422" failures="0" tests="1" name="com.crm.PRACTICE.PropertyFilePractice" time="46.224" errors="0" timestamp="2022-02-17T10:11:20 IST" skipped="0">
  <testcase classname="com.crm.PRACTICE.PropertyFilePractice" name="PropertyFile" time="46.224"/>
  <system-out/>
</testsuite> <!-- com.crm.PRACTICE.PropertyFilePractice -->
