<?xml version="1.0" encoding="UTF-8"?>
<!-- Generated by org.testng.reporters.JUnitReportReporter -->
<testsuite hostname="Z422" failures="0" tests="1" name="com.crm.PRACTICE.SelectDataFromNextmonthIncalender" time="57.162" errors="0" timestamp="2022-03-09T14:38:12 IST" skipped="0">
  <testcase classname="com.crm.PRACTICE.SelectDataFromNextmonthIncalender" name="calendernextmonth" time="57.162"/>
  <system-out/>
</testsuite> <!-- com.crm.PRACTICE.SelectDataFromNextmonthIncalender -->
