<?xml version="1.0" encoding="UTF-8"?>
<!-- Generated by org.testng.reporters.JUnitReportReporter -->
<testsuite hostname="Z422" failures="0" tests="1" name="com.crm.OrgnaizationTests.CreateOrganizationTest" time="52.104" errors="0" timestamp="2022-03-02T15:35:23 IST" skipped="0">
  <testcase classname="com.crm.OrgnaizationTests.CreateOrganizationTest" name="createOrganizationTest" time="52.104"/>
  <system-out/>
</testsuite> <!-- com.crm.OrgnaizationTests.CreateOrganizationTest -->
