<?xml version="1.0" encoding="UTF-8"?>
<!-- Generated by org.testng.reporters.JUnitReportReporter -->
<testsuite hostname="Z422" failures="0" tests="1" name="com.crm.LeadsTests.CreateEmptyDataTest" time="43.242" errors="0" timestamp="2022-02-20T11:47:44 IST" skipped="0">
  <testcase classname="com.crm.LeadsTests.CreateEmptyDataTest" name="CreateEmptyData" time="43.242"/>
  <system-out/>
</testsuite> <!-- com.crm.LeadsTests.CreateEmptyDataTest -->
