<?xml version="1.0" encoding="UTF-8"?>
<!-- Generated by org.testng.reporters.JUnitReportReporter -->
<testsuite hostname="Z422" failures="0" tests="1" name="com.crm.PRACTICE.WriteDataintoExcelSheetTest" time="2.304" errors="0" timestamp="2022-02-17T15:39:38 IST" skipped="0">
  <testcase classname="com.crm.PRACTICE.WriteDataintoExcelSheetTest" name="WriteDataintoExcelSheet" time="2.304"/>
  <system-out/>
</testsuite> <!-- com.crm.PRACTICE.WriteDataintoExcelSheetTest -->
