<?xml version="1.0" encoding="UTF-8"?>
<!-- Generated by org.testng.reporters.JUnitReportReporter -->
<testsuite hostname="Z422" failures="0" tests="1" name="com.crm.PRACTICE.SelectAnyDataFromCalenderTest" time="39.662" errors="0" timestamp="2022-03-09T14:27:19 IST" skipped="0">
  <testcase classname="com.crm.PRACTICE.SelectAnyDataFromCalenderTest" name="calender" time="39.662"/>
  <system-out/>
</testsuite> <!-- com.crm.PRACTICE.SelectAnyDataFromCalenderTest -->
