<?xml version="1.0" encoding="UTF-8"?>
<!-- Generated by org.testng.reporters.JUnitReportReporter -->
<testsuite hostname="Z422" failures="0" tests="1" name="com.crm.PRACTICE.DynamicFifthCbox" time="77.647" errors="0" timestamp="2022-03-08T22:58:30 IST" skipped="0">
  <testcase classname="com.crm.PRACTICE.DynamicFifthCbox" name="DynamicFifthCbox" time="77.647"/>
  <system-out/>
</testsuite> <!-- com.crm.PRACTICE.DynamicFifthCbox -->
