<?xml version="1.0" encoding="UTF-8"?>
<!-- Generated by org.testng.reporters.JUnitReportReporter -->
<testsuite hostname="Z422" failures="0" tests="1" name="com.crm.TestngImplimentTests.CreateOrgWithIndTypeTest" time="74.198" errors="0" timestamp="2022-03-01T09:02:04 IST" skipped="0">
  <testcase classname="com.crm.TestngImplimentTests.CreateOrgWithIndTypeTest" name="CreateOrgWithIndType" time="74.198"/>
  <system-out/>
</testsuite> <!-- com.crm.TestngImplimentTests.CreateOrgWithIndTypeTest -->
