<?xml version="1.0" encoding="UTF-8"?>
<!-- Generated by org.testng.reporters.JUnitReportReporter -->
<testsuite hostname="Z422" failures="0" tests="1" name="com.crm.impilientPomTests.CreateProductTest" time="126.560" errors="0" timestamp="2022-02-28T10:15:26 IST" skipped="0">
  <testcase classname="com.crm.impilientPomTests.CreateProductTest" name="CreateProduct" time="126.560"/>
  <system-out/>
</testsuite> <!-- com.crm.impilientPomTests.CreateProductTest -->
